Vivado Simulator 2017.4
Copyright 1986-1999, 2001-2016 Xilinx, Inc. All Rights Reserved.
Running: C:/Xilinx/Vivado/2017.4/bin/unwrapped/win64.o/xelab.exe -wto cb17c2f79d4c422e89a3084317cae60c --incr --debug typical --relax --mt 2 -L xil_defaultlib -L unisims_ver -L secureip --snapshot tb_ip_ram_func_synth xil_defaultlib.tb_ip_ram xil_defaultlib.glbl -log elaborate.log 
Using 2 slave threads.
Starting static elaboration
Completed static elaboration
Starting simulation data flow analysis
Completed simulation data flow analysis
Time Resolution for simulation is 1ps
Compiling module unisims_ver.GND
Compiling module unisims_ver.RB18_INTERNAL_VLOG(DOA_REG=1,DOB...
Compiling module unisims_ver.RAMB18E1(DOA_REG=1,DOB_REG=1,REA...
Compiling module xil_defaultlib.blk_mem_gen_0_blk_mem_gen_prim_w...
Compiling module xil_defaultlib.blk_mem_gen_0_blk_mem_gen_prim_w...
Compiling module xil_defaultlib.blk_mem_gen_0_blk_mem_gen_generi...
Compiling module xil_defaultlib.blk_mem_gen_0_blk_mem_gen_top
Compiling module xil_defaultlib.blk_mem_gen_0_blk_mem_gen_v8_4_1...
Compiling module xil_defaultlib.blk_mem_gen_0_blk_mem_gen_v8_4_1
Compiling module xil_defaultlib.blk_mem_gen_0
Compiling module unisims_ver.BUFG
Compiling module unisims_ver.IBUF
Compiling module unisims_ver.FDRE_default
Compiling module unisims_ver.x_lut1_mux2
Compiling module unisims_ver.LUT1
Compiling module unisims_ver.FDSE_default
Compiling module unisims_ver.x_lut2_mux4
Compiling module unisims_ver.LUT2
Compiling module unisims_ver.x_lut3_mux8
Compiling module unisims_ver.LUT3
Compiling module unisims_ver.LUT4
Compiling module unisims_ver.LUT5
Compiling module unisims_ver.LUT6
Compiling module xil_defaultlib.ram_rw
Compiling module xil_defaultlib.ip_ram
Compiling module xil_defaultlib.tb_ip_ram
Compiling module xil_defaultlib.glbl
Built simulation snapshot tb_ip_ram_func_synth
