INFO: [VRFC 10-2263] Analyzing Verilog file "D:/program/Vivado/Project/ip_ram/ip_ram_0915/ip_ram.srcs/sources_1/ip/mult_ram/sim/mult_ram.v" into library xil_defaultlib
INFO: [VRFC 10-311] analyzing module mult_ram
INFO: [VRFC 10-2263] Analyzing Verilog file "D:/program/Vivado/Project/ip_ram/ip_ram_0915/ip_ram.srcs/sources_1/ip/ram_dual/sim/ram_dual.v" into library xil_defaultlib
INFO: [VRFC 10-311] analyzing module ram_dual
INFO: [VRFC 10-2263] Analyzing Verilog file "D:/program/Vivado/Project/ip_ram/ip_ram_0915/ip_ram.srcs/sources_1/new/kara_mult_34bit.v" into library xil_defaultlib
INFO: [VRFC 10-311] analyzing module kara_mult_34bit
INFO: [VRFC 10-2263] Analyzing Verilog file "D:/program/Vivado/Project/ip_ram/ip_ram_0915/ip_ram.srcs/sources_1/new/kara_mult_66bit.v" into library xil_defaultlib
INFO: [VRFC 10-311] analyzing module kara_mult_66bit
INFO: [VRFC 10-2263] Analyzing Verilog file "D:/program/Vivado/Project/ip_ram/ip_ram_0915/ip_ram.srcs/sources_1/new/kara_mult_ram_top.v" into library xil_defaultlib
INFO: [VRFC 10-311] analyzing module kara_mult_ram_top
INFO: [VRFC 10-2458] undeclared symbol in_ram_rd_data_en, assumed default net type wire [D:/program/Vivado/Project/ip_ram/ip_ram_0915/ip_ram.srcs/sources_1/new/kara_mult_ram_top.v:109]
INFO: [VRFC 10-2263] Analyzing Verilog file "D:/program/Vivado/Project/ip_ram/ip_ram_0915/ip_ram.srcs/sources_1/new/karatsuba_top.v" into library xil_defaultlib
INFO: [VRFC 10-311] analyzing module karatsuba_top
INFO: [VRFC 10-2263] Analyzing SystemVerilog file "D:/program/Vivado/Project/ip_ram/ip_ram_0915/ip_ram.srcs/sources_1/new/srl_lut.sv" into library xil_defaultlib
INFO: [VRFC 10-311] analyzing module srl_lut
INFO: [VRFC 10-2263] Analyzing Verilog file "D:/program/Vivado/Project/ip_ram/ip_ram_0915/ip_ram.srcs/sim_1/new/tb_kara_mult_ram.v" into library xil_defaultlib
INFO: [VRFC 10-311] analyzing module tb_kara_mult_ram
INFO: [VRFC 10-2263] Analyzing Verilog file "D:/program/Vivado/Project/ip_ram/ip_ram_0915/ip_ram.sim/sim_1/behav/xsim/glbl.v" into library xil_defaultlib
INFO: [VRFC 10-311] analyzing module glbl
INFO: [VRFC 10-163] Analyzing VHDL file "D:/program/Vivado/Project/ip_ram/ip_ram_0915/ip_ram.srcs/sources_1/ip/mult_signed_18bit/sim/mult_signed_18bit.vhd" into library xil_defaultlib
INFO: [VRFC 10-3107] analyzing entity 'mult_signed_18bit'
