#-----------------------------------------------------------
# Vivado v2018.3 (64-bit)
# SW Build 2405991 on Thu Dec  6 23:38:27 MST 2018
# IP Build 2404404 on Fri Dec  7 01:43:56 MST 2018
# Start of session at: Wed Sep 16 00:39:35 2020
# Process ID: 17388
# Current directory: D:/program/Vivado/Project/ip_ram/ip_ram_simple_dual_Mars
# Command line: vivado.exe -gui_launcher_event rodinguilauncherevent16084 D:\program\Vivado\Project\ip_ram\ip_ram_simple_dual_Mars\ip_ram.xpr
# Log file: D:/program/Vivado/Project/ip_ram/ip_ram_simple_dual_Mars/vivado.log
# Journal file: D:/program/Vivado/Project/ip_ram/ip_ram_simple_dual_Mars\vivado.jou
#-----------------------------------------------------------
start_gui
open_project D:/program/Vivado/Project/ip_ram/ip_ram_simple_dual_Mars/ip_ram.xpr
INFO: [Project 1-313] Project file moved from 'D:/program/Vivado/Project/ip_ram/ip_ram_0915' since last save.
CRITICAL WARNING: [Project 1-19] Could not find the file 'D:/program/Vivado/Project/Nav_code_7010__PL/8_ip_ram/tb_ip_ram_behav.wcfg'.
CRITICAL WARNING: [Project 1-311] Could not find the file 'D:/program/Vivado/Project/ip_ram/ip_ram_simple_dual_Mars/tb_kara_mult_ram_behav.wcfg', nor could it be found using path 'D:/program/Vivado/Project/ip_ram/ip_ram_0915/tb_kara_mult_ram_behav.wcfg'.
Scanning sources...
Finished scanning sources
INFO: [IP_Flow 19-234] Refreshing IP repositories
INFO: [IP_Flow 19-1704] No user IP repositories specified
INFO: [IP_Flow 19-2313] Loaded Vivado IP repository 'D:/program/Vivado/Vivado/2018.3/data/ip'.
open_project: Time (s): cpu = 00:00:13 ; elapsed = 00:00:06 . Memory (MB): peak = 767.297 ; gain = 160.988
update_compile_order -fileset sources_1
launch_simulation
INFO: [Vivado 12-5698] Checking validity of IPs in the design for the 'ModelSim' simulator...
INFO: [Vivado 12-5682] Launching behavioral simulation in 'D:/program/Vivado/Project/ip_ram/ip_ram_simple_dual_Mars/ip_ram.sim/sim_1/behav/modelsim'
INFO: [Vivado 12-4795] Using compiled simulation libraries for IPs
INFO: [USF-ModelSim-47] Finding simulator installation...
INFO: [USF-ModelSim-49] Using simulator executables from 'D:\program\ModelSim\win64'
INFO: [SIM-utils-51] Simulation object is 'sim_1'
INFO: [USF-modelsim-7] Finding pre-compiled libraries...
INFO: [USF-modelsim-11] File 'D:/program/Xilinx/Xlib/modelsim.ini' copied to run dir:'D:/program/Vivado/Project/ip_ram/ip_ram_simple_dual_Mars/ip_ram.sim/sim_1/behav/modelsim'
INFO: [SIM-utils-54] Inspecting design source files for 'tb_kara_mult_ram' in fileset 'sim_1'...
INFO: [USF-ModelSim-107] Finding global include files...
INFO: [USF-ModelSim-108] Finding include directories and verilog header directory paths...
INFO: [USF-ModelSim-109] Fetching design files from 'sim_1'...
INFO: [USF-ModelSim-2] ModelSim::Compile design
INFO: [USF-ModelSim-15] Creating automatic 'do' files...
INFO: [USF-ModelSim-69] Executing 'COMPILE and ANALYZE' step in 'D:/program/Vivado/Project/ip_ram/ip_ram_simple_dual_Mars/ip_ram.sim/sim_1/behav/modelsim'
Reading D:/program/ModelSim/tcl/vsim/pref.tcl

# 10.6d

# do {tb_kara_mult_ram_compile.do}
# ** Warning: (vlib-34) Library already exists at "modelsim_lib/work".
# ** Warning: (vlib-34) Library already exists at "modelsim_lib/msim".
# ** Warning: (vlib-34) Library already exists at "modelsim_lib/msim/blk_mem_gen_v8_4_2".
# ** Warning: (vlib-34) Library already exists at "modelsim_lib/msim/xil_defaultlib".
# ** Warning: (vlib-34) Library already exists at "modelsim_lib/msim/xbip_utils_v3_0_9".
# ** Warning: (vlib-34) Library already exists at "modelsim_lib/msim/xbip_pipe_v3_0_5".
# ** Warning: (vlib-34) Library already exists at "modelsim_lib/msim/xbip_bram18k_v3_0_5".
# ** Warning: (vlib-34) Library already exists at "modelsim_lib/msim/mult_gen_v12_0_14".
# Model Technology ModelSim SE-64 vmap 10.6d Lib Mapping Utility 2018.02 Feb 24 2018
# vmap blk_mem_gen_v8_4_2 modelsim_lib/msim/blk_mem_gen_v8_4_2 
# Modifying D:\program\Xilinx\Xlib\modelsim.ini
# Model Technology ModelSim SE-64 vmap 10.6d Lib Mapping Utility 2018.02 Feb 24 2018
# vmap xil_defaultlib modelsim_lib/msim/xil_defaultlib 
# Modifying D:\program\Xilinx\Xlib\modelsim.ini
# Model Technology ModelSim SE-64 vmap 10.6d Lib Mapping Utility 2018.02 Feb 24 2018
# vmap xbip_utils_v3_0_9 modelsim_lib/msim/xbip_utils_v3_0_9 
# Modifying D:\program\Xilinx\Xlib\modelsim.ini
# Model Technology ModelSim SE-64 vmap 10.6d Lib Mapping Utility 2018.02 Feb 24 2018
# vmap xbip_pipe_v3_0_5 modelsim_lib/msim/xbip_pipe_v3_0_5 
# Modifying D:\program\Xilinx\Xlib\modelsim.ini
# Model Technology ModelSim SE-64 vmap 10.6d Lib Mapping Utility 2018.02 Feb 24 2018
# vmap xbip_bram18k_v3_0_5 modelsim_lib/msim/xbip_bram18k_v3_0_5 
# Modifying D:\program\Xilinx\Xlib\modelsim.ini
# Model Technology ModelSim SE-64 vmap 10.6d Lib Mapping Utility 2018.02 Feb 24 2018
# vmap mult_gen_v12_0_14 modelsim_lib/msim/mult_gen_v12_0_14 
# Modifying D:\program\Xilinx\Xlib\modelsim.ini
# ** Warning: (vlog-159) Mode option -64 is not supported in this context and will be ignored.
# Model Technology ModelSim SE-64 vlog 10.6d Compiler 2018.02 Feb 24 2018
# Start time: 00:40:01 on Sep 16,2020
# vlog -64 -incr -work blk_mem_gen_v8_4_2 ../../../../ip_ram.ip_user_files/ipstatic/simulation/blk_mem_gen_v8_4.v 
# -- Skipping module STATE_LOGIC_v8_4
# -- Skipping module beh_vlog_muxf7_v8_4
# -- Skipping module beh_vlog_ff_clr_v8_4
# -- Skipping module beh_vlog_ff_pre_v8_4
# -- Skipping module beh_vlog_ff_ce_clr_v8_4
# -- Skipping module write_netlist_v8_4
# -- Skipping module read_netlist_v8_4
# -- Skipping module blk_mem_axi_write_wrapper_beh_v8_4
# -- Skipping module blk_mem_axi_read_wrapper_beh_v8_4
# -- Skipping module blk_mem_axi_regs_fwd_v8_4
# -- Skipping module blk_mem_gen_v8_4_2_output_stage
# -- Skipping module blk_mem_gen_v8_4_2_softecc_output_reg_stage
# -- Skipping module blk_mem_gen_v8_4_2_mem_module
# -- Skipping module blk_mem_gen_v8_4_2
# 
# Top level modules:
# 	blk_mem_gen_v8_4_2
# End time: 00:40:01 on Sep 16,2020, Elapsed time: 0:00:00
# Errors: 0, Warnings: 1
# ** Warning: (vlog-159) Mode option -64 is not supported in this context and will be ignored.
# Model Technology ModelSim SE-64 vlog 10.6d Compiler 2018.02 Feb 24 2018
# Start time: 00:40:01 on Sep 16,2020
# vlog -64 -incr -work xil_defaultlib ../../../../ip_ram.srcs/sources_1/ip/ram_dual/sim/ram_dual.v 
# -- Skipping module ram_dual
# 
# Top level modules:
# 	ram_dual
# End time: 00:40:01 on Sep 16,2020, Elapsed time: 0:00:00
# Errors: 0, Warnings: 1
# ** Warning: (vcom-159) Mode option -64 is not supported in this context and will be ignored.
# Model Technology ModelSim SE-64 vcom 10.6d Compiler 2018.02 Feb 24 2018
# Start time: 00:40:01 on Sep 16,2020
# vcom -64 -93 -work xbip_utils_v3_0_9 ../../../../ip_ram.ip_user_files/ipstatic/hdl/xbip_utils_v3_0_vh_rfs.vhd 
# -- Loading package STANDARD
# End time: 00:40:02 on Sep 16,2020, Elapsed time: 0:00:01
# Errors: 0, Warnings: 1
# ** Warning: (vcom-159) Mode option -64 is not supported in this context and will be ignored.
# Model Technology ModelSim SE-64 vcom 10.6d Compiler 2018.02 Feb 24 2018
# Start time: 00:40:02 on Sep 16,2020
# vcom -64 -93 -work xbip_pipe_v3_0_5 ../../../../ip_ram.ip_user_files/ipstatic/hdl/xbip_pipe_v3_0_vh_rfs.vhd 
# -- Loading package STANDARD
# End time: 00:40:02 on Sep 16,2020, Elapsed time: 0:00:00
# Errors: 0, Warnings: 1
# ** Warning: (vcom-159) Mode option -64 is not supported in this context and will be ignored.
# Model Technology ModelSim SE-64 vcom 10.6d Compiler 2018.02 Feb 24 2018
# Start time: 00:40:02 on Sep 16,2020
# vcom -64 -93 -work xbip_bram18k_v3_0_5 ../../../../ip_ram.ip_user_files/ipstatic/hdl/xbip_bram18k_v3_0_vh_rfs.vhd 
# -- Loading package STANDARD
# End time: 00:40:03 on Sep 16,2020, Elapsed time: 0:00:01
# Errors: 0, Warnings: 1
# ** Warning: (vcom-159) Mode option -64 is not supported in this context and will be ignored.
# Model Technology ModelSim SE-64 vcom 10.6d Compiler 2018.02 Feb 24 2018
# Start time: 00:40:03 on Sep 16,2020
# vcom -64 -93 -work mult_gen_v12_0_14 ../../../../ip_ram.ip_user_files/ipstatic/hdl/mult_gen_v12_0_vh_rfs.vhd 
# -- Loading package STANDARD
# End time: 00:40:04 on Sep 16,2020, Elapsed time: 0:00:01
# Errors: 0, Warnings: 1
# ** Warning: (vcom-159) Mode option -64 is not supported in this context and will be ignored.
# Model Technology ModelSim SE-64 vcom 10.6d Compiler 2018.02 Feb 24 2018
# Start time: 00:40:04 on Sep 16,2020
# vcom -64 -93 -work xil_defaultlib ../../../../ip_ram.srcs/sources_1/ip/mult_signed_18bit/sim/mult_signed_18bit.vhd 
# -- Loading package STANDARD
# -- Loading package TEXTIO
# -- Loading package std_logic_1164
# -- Loading package NUMERIC_STD
# -- Compiling entity mult_signed_18bit
# -- Compiling architecture mult_signed_18bit_arch of mult_signed_18bit
# End time: 00:40:04 on Sep 16,2020, Elapsed time: 0:00:00
# Errors: 0, Warnings: 1
# ** Warning: (vlog-159) Mode option -64 is not supported in this context and will be ignored.
# Model Technology ModelSim SE-64 vlog 10.6d Compiler 2018.02 Feb 24 2018
# Start time: 00:40:04 on Sep 16,2020
# vlog -64 -incr -work xil_defaultlib ../../../../ip_ram.srcs/sources_1/new/kara_mult_34bit.v ../../../../ip_ram.srcs/sources_1/new/kara_mult_66bit.v ../../../../ip_ram.srcs/sources_1/new/kara_mult_ram_top.v ../../../../ip_ram.srcs/sources_1/new/karatsuba_top.v 
# -- Skipping module kara_mult_34bit
# -- Skipping module kara_mult_66bit
# -- Skipping module kara_mult_ram_top
# -- Skipping module karatsuba_top
# 
# Top level modules:
# 	kara_mult_ram_top
# End time: 00:40:05 on Sep 16,2020, Elapsed time: 0:00:01
# Errors: 0, Warnings: 1
# ** Warning: (vlog-159) Mode option -64 is not supported in this context and will be ignored.
# Model Technology ModelSim SE-64 vlog 10.6d Compiler 2018.02 Feb 24 2018
# Start time: 00:40:05 on Sep 16,2020
# vlog -64 -incr -sv -work xil_defaultlib ../../../../ip_ram.srcs/sources_1/new/srl_lut.sv 
# -- Skipping module srl_lut
# 
# Top level modules:
# 	srl_lut
# End time: 00:40:05 on Sep 16,2020, Elapsed time: 0:00:00
# Errors: 0, Warnings: 1
# ** Warning: (vlog-159) Mode option -64 is not supported in this context and will be ignored.
# Model Technology ModelSim SE-64 vlog 10.6d Compiler 2018.02 Feb 24 2018
# Start time: 00:40:05 on Sep 16,2020
# vlog -64 -incr -work xil_defaultlib ../../../../ip_ram.srcs/sim_1/new/tb_kara_mult_ram.v 
# -- Skipping module tb_kara_mult_ram
# 
# Top level modules:
# 	tb_kara_mult_ram
# End time: 00:40:05 on Sep 16,2020, Elapsed time: 0:00:00
# Errors: 0, Warnings: 1
# Model Technology ModelSim SE-64 vlog 10.6d Compiler 2018.02 Feb 24 2018
# Start time: 00:40:05 on Sep 16,2020
# vlog -work xil_defaultlib glbl.v 
# -- Compiling module glbl
# 
# Top level modules:
# 	glbl
# End time: 00:40:05 on Sep 16,2020, Elapsed time: 0:00:00
# Errors: 0, Warnings: 0
run_program: Time (s): cpu = 00:00:00 ; elapsed = 00:00:06 . Memory (MB): peak = 838.965 ; gain = 0.000
INFO: [USF-ModelSim-69] 'compile' step finished in '6' seconds
INFO: [USF-ModelSim-4] ModelSim::Simulate design
INFO: [USF-ModelSim-69] Executing 'SIMULATE' step in 'D:/program/Vivado/Project/ip_ram/ip_ram_simple_dual_Mars/ip_ram.sim/sim_1/behav/modelsim'
Program launched (PID=1764)
launch_simulation: Time (s): cpu = 00:00:02 ; elapsed = 00:00:07 . Memory (MB): peak = 838.965 ; gain = 0.000
launch_simulation
INFO: [Vivado 12-5698] Checking validity of IPs in the design for the 'ModelSim' simulator...
INFO: [Vivado 12-5682] Launching behavioral simulation in 'D:/program/Vivado/Project/ip_ram/ip_ram_simple_dual_Mars/ip_ram.sim/sim_1/behav/modelsim'
INFO: [Vivado 12-4795] Using compiled simulation libraries for IPs
INFO: [USF-ModelSim-47] Finding simulator installation...
INFO: [USF-ModelSim-49] Using simulator executables from 'D:\program\ModelSim\win64'
INFO: [SIM-utils-51] Simulation object is 'sim_1'
INFO: [USF-modelsim-7] Finding pre-compiled libraries...
INFO: [USF-modelsim-11] File 'D:/program/Xilinx/Xlib/modelsim.ini' copied to run dir:'D:/program/Vivado/Project/ip_ram/ip_ram_simple_dual_Mars/ip_ram.sim/sim_1/behav/modelsim'
INFO: [SIM-utils-54] Inspecting design source files for 'tb_kara_mult_ram' in fileset 'sim_1'...
INFO: [USF-ModelSim-107] Finding global include files...
INFO: [USF-ModelSim-108] Finding include directories and verilog header directory paths...
INFO: [USF-ModelSim-109] Fetching design files from 'sim_1'...
INFO: [USF-ModelSim-2] ModelSim::Compile design
INFO: [USF-ModelSim-15] Creating automatic 'do' files...
INFO: [USF-ModelSim-69] Executing 'COMPILE and ANALYZE' step in 'D:/program/Vivado/Project/ip_ram/ip_ram_simple_dual_Mars/ip_ram.sim/sim_1/behav/modelsim'
Reading D:/program/ModelSim/tcl/vsim/pref.tcl

# 10.6d

# do {tb_kara_mult_ram_compile.do}
# ** Warning: (vlib-34) Library already exists at "modelsim_lib/work".
# ** Warning: (vlib-34) Library already exists at "modelsim_lib/msim".
# ** Warning: (vlib-34) Library already exists at "modelsim_lib/msim/blk_mem_gen_v8_4_2".
# ** Warning: (vlib-34) Library already exists at "modelsim_lib/msim/xil_defaultlib".
# ** Warning: (vlib-34) Library already exists at "modelsim_lib/msim/xbip_utils_v3_0_9".
# ** Warning: (vlib-34) Library already exists at "modelsim_lib/msim/xbip_pipe_v3_0_5".
# ** Warning: (vlib-34) Library already exists at "modelsim_lib/msim/xbip_bram18k_v3_0_5".
# ** Warning: (vlib-34) Library already exists at "modelsim_lib/msim/mult_gen_v12_0_14".
# Model Technology ModelSim SE-64 vmap 10.6d Lib Mapping Utility 2018.02 Feb 24 2018
# vmap blk_mem_gen_v8_4_2 modelsim_lib/msim/blk_mem_gen_v8_4_2 
# Modifying D:\program\Xilinx\Xlib\modelsim.ini
# Model Technology ModelSim SE-64 vmap 10.6d Lib Mapping Utility 2018.02 Feb 24 2018
# vmap xil_defaultlib modelsim_lib/msim/xil_defaultlib 
# Modifying D:\program\Xilinx\Xlib\modelsim.ini
# Model Technology ModelSim SE-64 vmap 10.6d Lib Mapping Utility 2018.02 Feb 24 2018
# vmap xbip_utils_v3_0_9 modelsim_lib/msim/xbip_utils_v3_0_9 
# Modifying D:\program\Xilinx\Xlib\modelsim.ini
# Model Technology ModelSim SE-64 vmap 10.6d Lib Mapping Utility 2018.02 Feb 24 2018
# vmap xbip_pipe_v3_0_5 modelsim_lib/msim/xbip_pipe_v3_0_5 
# Modifying D:\program\Xilinx\Xlib\modelsim.ini
# Model Technology ModelSim SE-64 vmap 10.6d Lib Mapping Utility 2018.02 Feb 24 2018
# vmap xbip_bram18k_v3_0_5 modelsim_lib/msim/xbip_bram18k_v3_0_5 
# Modifying D:\program\Xilinx\Xlib\modelsim.ini
# Model Technology ModelSim SE-64 vmap 10.6d Lib Mapping Utility 2018.02 Feb 24 2018
# vmap mult_gen_v12_0_14 modelsim_lib/msim/mult_gen_v12_0_14 
# Modifying D:\program\Xilinx\Xlib\modelsim.ini
# ** Warning: (vlog-159) Mode option -64 is not supported in this context and will be ignored.
# Model Technology ModelSim SE-64 vlog 10.6d Compiler 2018.02 Feb 24 2018
# Start time: 00:40:32 on Sep 16,2020
# vlog -64 -incr -work blk_mem_gen_v8_4_2 ../../../../ip_ram.ip_user_files/ipstatic/simulation/blk_mem_gen_v8_4.v 
# -- Skipping module STATE_LOGIC_v8_4
# -- Skipping module beh_vlog_muxf7_v8_4
# -- Skipping module beh_vlog_ff_clr_v8_4
# -- Skipping module beh_vlog_ff_pre_v8_4
# -- Skipping module beh_vlog_ff_ce_clr_v8_4
# -- Skipping module write_netlist_v8_4
# -- Skipping module read_netlist_v8_4
# -- Skipping module blk_mem_axi_write_wrapper_beh_v8_4
# -- Skipping module blk_mem_axi_read_wrapper_beh_v8_4
# -- Skipping module blk_mem_axi_regs_fwd_v8_4
# -- Skipping module blk_mem_gen_v8_4_2_output_stage
# -- Skipping module blk_mem_gen_v8_4_2_softecc_output_reg_stage
# -- Skipping module blk_mem_gen_v8_4_2_mem_module
# -- Skipping module blk_mem_gen_v8_4_2
# 
# Top level modules:
# 	blk_mem_gen_v8_4_2
# End time: 00:40:32 on Sep 16,2020, Elapsed time: 0:00:00
# Errors: 0, Warnings: 1
# ** Warning: (vlog-159) Mode option -64 is not supported in this context and will be ignored.
# Model Technology ModelSim SE-64 vlog 10.6d Compiler 2018.02 Feb 24 2018
# Start time: 00:40:32 on Sep 16,2020
# vlog -64 -incr -work xil_defaultlib ../../../../ip_ram.srcs/sources_1/ip/ram_dual/sim/ram_dual.v 
# -- Skipping module ram_dual
# 
# Top level modules:
# 	ram_dual
# End time: 00:40:33 on Sep 16,2020, Elapsed time: 0:00:01
# Errors: 0, Warnings: 1
# ** Warning: (vcom-159) Mode option -64 is not supported in this context and will be ignored.
# Model Technology ModelSim SE-64 vcom 10.6d Compiler 2018.02 Feb 24 2018
# Start time: 00:40:33 on Sep 16,2020
# vcom -64 -93 -work xbip_utils_v3_0_9 ../../../../ip_ram.ip_user_files/ipstatic/hdl/xbip_utils_v3_0_vh_rfs.vhd 
# -- Loading package STANDARD
# End time: 00:40:33 on Sep 16,2020, Elapsed time: 0:00:00
# Errors: 0, Warnings: 1
# ** Warning: (vcom-159) Mode option -64 is not supported in this context and will be ignored.
# Model Technology ModelSim SE-64 vcom 10.6d Compiler 2018.02 Feb 24 2018
# Start time: 00:40:33 on Sep 16,2020
# vcom -64 -93 -work xbip_pipe_v3_0_5 ../../../../ip_ram.ip_user_files/ipstatic/hdl/xbip_pipe_v3_0_vh_rfs.vhd 
# -- Loading package STANDARD
# End time: 00:40:33 on Sep 16,2020, Elapsed time: 0:00:00
# Errors: 0, Warnings: 1
# ** Warning: (vcom-159) Mode option -64 is not supported in this context and will be ignored.
# Model Technology ModelSim SE-64 vcom 10.6d Compiler 2018.02 Feb 24 2018
# Start time: 00:40:33 on Sep 16,2020
# vcom -64 -93 -work xbip_bram18k_v3_0_5 ../../../../ip_ram.ip_user_files/ipstatic/hdl/xbip_bram18k_v3_0_vh_rfs.vhd 
# -- Loading package STANDARD
# End time: 00:40:34 on Sep 16,2020, Elapsed time: 0:00:01
# Errors: 0, Warnings: 1
# ** Warning: (vcom-159) Mode option -64 is not supported in this context and will be ignored.
# Model Technology ModelSim SE-64 vcom 10.6d Compiler 2018.02 Feb 24 2018
# Start time: 00:40:34 on Sep 16,2020
# vcom -64 -93 -work mult_gen_v12_0_14 ../../../../ip_ram.ip_user_files/ipstatic/hdl/mult_gen_v12_0_vh_rfs.vhd 
# -- Loading package STANDARD
# End time: 00:40:35 on Sep 16,2020, Elapsed time: 0:00:01
# Errors: 0, Warnings: 1
# ** Warning: (vcom-159) Mode option -64 is not supported in this context and will be ignored.
# Model Technology ModelSim SE-64 vcom 10.6d Compiler 2018.02 Feb 24 2018
# Start time: 00:40:36 on Sep 16,2020
# vcom -64 -93 -work xil_defaultlib ../../../../ip_ram.srcs/sources_1/ip/mult_signed_18bit/sim/mult_signed_18bit.vhd 
# -- Loading package STANDARD
# -- Loading package TEXTIO
# -- Loading package std_logic_1164
# -- Loading package NUMERIC_STD
# -- Compiling entity mult_signed_18bit
# -- Compiling architecture mult_signed_18bit_arch of mult_signed_18bit
# End time: 00:40:36 on Sep 16,2020, Elapsed time: 0:00:00
# Errors: 0, Warnings: 1
# ** Warning: (vlog-159) Mode option -64 is not supported in this context and will be ignored.
# Model Technology ModelSim SE-64 vlog 10.6d Compiler 2018.02 Feb 24 2018
# Start time: 00:40:36 on Sep 16,2020
# vlog -64 -incr -work xil_defaultlib ../../../../ip_ram.srcs/sources_1/new/kara_mult_34bit.v ../../../../ip_ram.srcs/sources_1/new/kara_mult_66bit.v ../../../../ip_ram.srcs/sources_1/new/kara_mult_ram_top.v ../../../../ip_ram.srcs/sources_1/new/karatsuba_top.v 
# -- Skipping module kara_mult_34bit
# -- Skipping module kara_mult_66bit
# -- Skipping module kara_mult_ram_top
# -- Skipping module karatsuba_top
# 
# Top level modules:
# 	kara_mult_ram_top
# End time: 00:40:36 on Sep 16,2020, Elapsed time: 0:00:00
# Errors: 0, Warnings: 1
# ** Warning: (vlog-159) Mode option -64 is not supported in this context and will be ignored.
# Model Technology ModelSim SE-64 vlog 10.6d Compiler 2018.02 Feb 24 2018
# Start time: 00:40:36 on Sep 16,2020
# vlog -64 -incr -sv -work xil_defaultlib ../../../../ip_ram.srcs/sources_1/new/srl_lut.sv 
# -- Skipping module srl_lut
# 
# Top level modules:
# 	srl_lut
# End time: 00:40:36 on Sep 16,2020, Elapsed time: 0:00:00
# Errors: 0, Warnings: 1
# ** Warning: (vlog-159) Mode option -64 is not supported in this context and will be ignored.
# Model Technology ModelSim SE-64 vlog 10.6d Compiler 2018.02 Feb 24 2018
# Start time: 00:40:36 on Sep 16,2020
# vlog -64 -incr -work xil_defaultlib ../../../../ip_ram.srcs/sim_1/new/tb_kara_mult_ram.v 
# -- Skipping module tb_kara_mult_ram
# 
# Top level modules:
# 	tb_kara_mult_ram
# End time: 00:40:36 on Sep 16,2020, Elapsed time: 0:00:00
# Errors: 0, Warnings: 1
# Model Technology ModelSim SE-64 vlog 10.6d Compiler 2018.02 Feb 24 2018
# Start time: 00:40:36 on Sep 16,2020
# vlog -work xil_defaultlib glbl.v 
# -- Compiling module glbl
# 
# Top level modules:
# 	glbl
# End time: 00:40:36 on Sep 16,2020, Elapsed time: 0:00:00
# Errors: 0, Warnings: 0
run_program: Time (s): cpu = 00:00:01 ; elapsed = 00:00:06 . Memory (MB): peak = 841.926 ; gain = 0.000
INFO: [USF-ModelSim-69] 'compile' step finished in '6' seconds
INFO: [USF-ModelSim-4] ModelSim::Simulate design
INFO: [USF-ModelSim-69] Executing 'SIMULATE' step in 'D:/program/Vivado/Project/ip_ram/ip_ram_simple_dual_Mars/ip_ram.sim/sim_1/behav/modelsim'
Program launched (PID=14556)
launch_simulation: Time (s): cpu = 00:00:02 ; elapsed = 00:00:07 . Memory (MB): peak = 841.926 ; gain = 0.000
launch_simulation
INFO: [Vivado 12-5698] Checking validity of IPs in the design for the 'ModelSim' simulator...
INFO: [Vivado 12-5682] Launching behavioral simulation in 'D:/program/Vivado/Project/ip_ram/ip_ram_simple_dual_Mars/ip_ram.sim/sim_1/behav/modelsim'
INFO: [Vivado 12-4795] Using compiled simulation libraries for IPs
INFO: [USF-ModelSim-47] Finding simulator installation...
INFO: [USF-ModelSim-49] Using simulator executables from 'D:\program\ModelSim\win64'
INFO: [SIM-utils-51] Simulation object is 'sim_1'
INFO: [USF-modelsim-7] Finding pre-compiled libraries...
INFO: [USF-modelsim-11] File 'D:/program/Xilinx/Xlib/modelsim.ini' copied to run dir:'D:/program/Vivado/Project/ip_ram/ip_ram_simple_dual_Mars/ip_ram.sim/sim_1/behav/modelsim'
INFO: [SIM-utils-54] Inspecting design source files for 'tb_kara_mult_ram' in fileset 'sim_1'...
INFO: [USF-ModelSim-107] Finding global include files...
INFO: [USF-ModelSim-108] Finding include directories and verilog header directory paths...
INFO: [USF-ModelSim-109] Fetching design files from 'sim_1'...
INFO: [USF-ModelSim-2] ModelSim::Compile design
INFO: [USF-ModelSim-15] Creating automatic 'do' files...
INFO: [USF-ModelSim-69] Executing 'COMPILE and ANALYZE' step in 'D:/program/Vivado/Project/ip_ram/ip_ram_simple_dual_Mars/ip_ram.sim/sim_1/behav/modelsim'
Reading D:/program/ModelSim/tcl/vsim/pref.tcl

# 10.6d

# do {tb_kara_mult_ram_compile.do}
# ** Warning: (vlib-34) Library already exists at "modelsim_lib/work".
# ** Warning: (vlib-34) Library already exists at "modelsim_lib/msim".
# ** Warning: (vlib-34) Library already exists at "modelsim_lib/msim/blk_mem_gen_v8_4_2".
# ** Warning: (vlib-34) Library already exists at "modelsim_lib/msim/xil_defaultlib".
# ** Warning: (vlib-34) Library already exists at "modelsim_lib/msim/xbip_utils_v3_0_9".
# ** Warning: (vlib-34) Library already exists at "modelsim_lib/msim/xbip_pipe_v3_0_5".
# ** Warning: (vlib-34) Library already exists at "modelsim_lib/msim/xbip_bram18k_v3_0_5".
# ** Warning: (vlib-34) Library already exists at "modelsim_lib/msim/mult_gen_v12_0_14".
# Model Technology ModelSim SE-64 vmap 10.6d Lib Mapping Utility 2018.02 Feb 24 2018
# vmap blk_mem_gen_v8_4_2 modelsim_lib/msim/blk_mem_gen_v8_4_2 
# Modifying D:\program\Xilinx\Xlib\modelsim.ini
# Model Technology ModelSim SE-64 vmap 10.6d Lib Mapping Utility 2018.02 Feb 24 2018
# vmap xil_defaultlib modelsim_lib/msim/xil_defaultlib 
# Modifying D:\program\Xilinx\Xlib\modelsim.ini
# Model Technology ModelSim SE-64 vmap 10.6d Lib Mapping Utility 2018.02 Feb 24 2018
# vmap xbip_utils_v3_0_9 modelsim_lib/msim/xbip_utils_v3_0_9 
# Modifying D:\program\Xilinx\Xlib\modelsim.ini
# Model Technology ModelSim SE-64 vmap 10.6d Lib Mapping Utility 2018.02 Feb 24 2018
# vmap xbip_pipe_v3_0_5 modelsim_lib/msim/xbip_pipe_v3_0_5 
# Modifying D:\program\Xilinx\Xlib\modelsim.ini
# Model Technology ModelSim SE-64 vmap 10.6d Lib Mapping Utility 2018.02 Feb 24 2018
# vmap xbip_bram18k_v3_0_5 modelsim_lib/msim/xbip_bram18k_v3_0_5 
# Modifying D:\program\Xilinx\Xlib\modelsim.ini
# Model Technology ModelSim SE-64 vmap 10.6d Lib Mapping Utility 2018.02 Feb 24 2018
# vmap mult_gen_v12_0_14 modelsim_lib/msim/mult_gen_v12_0_14 
# Modifying D:\program\Xilinx\Xlib\modelsim.ini
# ** Warning: (vlog-159) Mode option -64 is not supported in this context and will be ignored.
# Model Technology ModelSim SE-64 vlog 10.6d Compiler 2018.02 Feb 24 2018
# Start time: 00:41:15 on Sep 16,2020
# vlog -64 -incr -work blk_mem_gen_v8_4_2 ../../../../ip_ram.ip_user_files/ipstatic/simulation/blk_mem_gen_v8_4.v 
# -- Skipping module STATE_LOGIC_v8_4
# -- Skipping module beh_vlog_muxf7_v8_4
# -- Skipping module beh_vlog_ff_clr_v8_4
# -- Skipping module beh_vlog_ff_pre_v8_4
# -- Skipping module beh_vlog_ff_ce_clr_v8_4
# -- Skipping module write_netlist_v8_4
# -- Skipping module read_netlist_v8_4
# -- Skipping module blk_mem_axi_write_wrapper_beh_v8_4
# -- Skipping module blk_mem_axi_read_wrapper_beh_v8_4
# -- Skipping module blk_mem_axi_regs_fwd_v8_4
# -- Skipping module blk_mem_gen_v8_4_2_output_stage
# -- Skipping module blk_mem_gen_v8_4_2_softecc_output_reg_stage
# -- Skipping module blk_mem_gen_v8_4_2_mem_module
# -- Skipping module blk_mem_gen_v8_4_2
# 
# Top level modules:
# 	blk_mem_gen_v8_4_2
# End time: 00:41:15 on Sep 16,2020, Elapsed time: 0:00:00
# Errors: 0, Warnings: 1
# ** Warning: (vlog-159) Mode option -64 is not supported in this context and will be ignored.
# Model Technology ModelSim SE-64 vlog 10.6d Compiler 2018.02 Feb 24 2018
# Start time: 00:41:15 on Sep 16,2020
# vlog -64 -incr -work xil_defaultlib ../../../../ip_ram.srcs/sources_1/ip/ram_dual/sim/ram_dual.v 
# -- Skipping module ram_dual
# 
# Top level modules:
# 	ram_dual
# End time: 00:41:15 on Sep 16,2020, Elapsed time: 0:00:00
# Errors: 0, Warnings: 1
# ** Warning: (vcom-159) Mode option -64 is not supported in this context and will be ignored.
# Model Technology ModelSim SE-64 vcom 10.6d Compiler 2018.02 Feb 24 2018
# Start time: 00:41:15 on Sep 16,2020
# vcom -64 -93 -work xbip_utils_v3_0_9 ../../../../ip_ram.ip_user_files/ipstatic/hdl/xbip_utils_v3_0_vh_rfs.vhd 
# -- Loading package STANDARD
# End time: 00:41:15 on Sep 16,2020, Elapsed time: 0:00:00
# Errors: 0, Warnings: 1
# ** Warning: (vcom-159) Mode option -64 is not supported in this context and will be ignored.
# Model Technology ModelSim SE-64 vcom 10.6d Compiler 2018.02 Feb 24 2018
# Start time: 00:41:15 on Sep 16,2020
# vcom -64 -93 -work xbip_pipe_v3_0_5 ../../../../ip_ram.ip_user_files/ipstatic/hdl/xbip_pipe_v3_0_vh_rfs.vhd 
# -- Loading package STANDARD
# End time: 00:41:15 on Sep 16,2020, Elapsed time: 0:00:00
# Errors: 0, Warnings: 1
# ** Warning: (vcom-159) Mode option -64 is not supported in this context and will be ignored.
# Model Technology ModelSim SE-64 vcom 10.6d Compiler 2018.02 Feb 24 2018
# Start time: 00:41:16 on Sep 16,2020
# vcom -64 -93 -work xbip_bram18k_v3_0_5 ../../../../ip_ram.ip_user_files/ipstatic/hdl/xbip_bram18k_v3_0_vh_rfs.vhd 
# -- Loading package STANDARD
# End time: 00:41:16 on Sep 16,2020, Elapsed time: 0:00:00
# Errors: 0, Warnings: 1
# ** Warning: (vcom-159) Mode option -64 is not supported in this context and will be ignored.
# Model Technology ModelSim SE-64 vcom 10.6d Compiler 2018.02 Feb 24 2018
# Start time: 00:41:17 on Sep 16,2020
# vcom -64 -93 -work mult_gen_v12_0_14 ../../../../ip_ram.ip_user_files/ipstatic/hdl/mult_gen_v12_0_vh_rfs.vhd 
# -- Loading package STANDARD
# End time: 00:41:18 on Sep 16,2020, Elapsed time: 0:00:01
# Errors: 0, Warnings: 1
# ** Warning: (vcom-159) Mode option -64 is not supported in this context and will be ignored.
# Model Technology ModelSim SE-64 vcom 10.6d Compiler 2018.02 Feb 24 2018
# Start time: 00:41:18 on Sep 16,2020
# vcom -64 -93 -work xil_defaultlib ../../../../ip_ram.srcs/sources_1/ip/mult_signed_18bit/sim/mult_signed_18bit.vhd 
# -- Loading package STANDARD
# -- Loading package TEXTIO
# -- Loading package std_logic_1164
# -- Loading package NUMERIC_STD
# -- Compiling entity mult_signed_18bit
# -- Compiling architecture mult_signed_18bit_arch of mult_signed_18bit
# End time: 00:41:18 on Sep 16,2020, Elapsed time: 0:00:00
# Errors: 0, Warnings: 1
# ** Warning: (vlog-159) Mode option -64 is not supported in this context and will be ignored.
# Model Technology ModelSim SE-64 vlog 10.6d Compiler 2018.02 Feb 24 2018
# Start time: 00:41:18 on Sep 16,2020
# vlog -64 -incr -work xil_defaultlib ../../../../ip_ram.srcs/sources_1/new/kara_mult_34bit.v ../../../../ip_ram.srcs/sources_1/new/kara_mult_66bit.v ../../../../ip_ram.srcs/sources_1/new/kara_mult_ram_top.v ../../../../ip_ram.srcs/sources_1/new/karatsuba_top.v 
# -- Skipping module kara_mult_34bit
# -- Skipping module kara_mult_66bit
# -- Skipping module kara_mult_ram_top
# -- Skipping module karatsuba_top
# 
# Top level modules:
# 	kara_mult_ram_top
# End time: 00:41:18 on Sep 16,2020, Elapsed time: 0:00:00
# Errors: 0, Warnings: 1
# ** Warning: (vlog-159) Mode option -64 is not supported in this context and will be ignored.
# Model Technology ModelSim SE-64 vlog 10.6d Compiler 2018.02 Feb 24 2018
# Start time: 00:41:18 on Sep 16,2020
# vlog -64 -incr -sv -work xil_defaultlib ../../../../ip_ram.srcs/sources_1/new/srl_lut.sv 
# -- Skipping module srl_lut
# 
# Top level modules:
# 	srl_lut
# End time: 00:41:18 on Sep 16,2020, Elapsed time: 0:00:00
# Errors: 0, Warnings: 1
# ** Warning: (vlog-159) Mode option -64 is not supported in this context and will be ignored.
# Model Technology ModelSim SE-64 vlog 10.6d Compiler 2018.02 Feb 24 2018
# Start time: 00:41:18 on Sep 16,2020
# vlog -64 -incr -work xil_defaultlib ../../../../ip_ram.srcs/sim_1/new/tb_kara_mult_ram.v 
# -- Skipping module tb_kara_mult_ram
# 
# Top level modules:
# 	tb_kara_mult_ram
# End time: 00:41:18 on Sep 16,2020, Elapsed time: 0:00:00
# Errors: 0, Warnings: 1
# Model Technology ModelSim SE-64 vlog 10.6d Compiler 2018.02 Feb 24 2018
# Start time: 00:41:18 on Sep 16,2020
# vlog -work xil_defaultlib glbl.v 
# -- Compiling module glbl
# 
# Top level modules:
# 	glbl
# End time: 00:41:18 on Sep 16,2020, Elapsed time: 0:00:00
# Errors: 0, Warnings: 0
run_program: Time (s): cpu = 00:00:00 ; elapsed = 00:00:06 . Memory (MB): peak = 841.926 ; gain = 0.000
INFO: [USF-ModelSim-69] 'compile' step finished in '6' seconds
INFO: [USF-ModelSim-4] ModelSim::Simulate design
INFO: [USF-ModelSim-69] Executing 'SIMULATE' step in 'D:/program/Vivado/Project/ip_ram/ip_ram_simple_dual_Mars/ip_ram.sim/sim_1/behav/modelsim'
Program launched (PID=4264)
launch_simulation: Time (s): cpu = 00:00:02 ; elapsed = 00:00:07 . Memory (MB): peak = 841.926 ; gain = 0.000
exit
INFO: [Common 17-206] Exiting Vivado at Wed Sep 16 00:44:10 2020...
