# do {tb_kara_mult_ram_compile.do}
# ** Warning: (vlib-34) Library already exists at "modelsim_lib/work".
# ** Warning: (vlib-34) Library already exists at "modelsim_lib/msim".
# ** Warning: (vlib-34) Library already exists at "modelsim_lib/msim/blk_mem_gen_v8_4_2".
# ** Warning: (vlib-34) Library already exists at "modelsim_lib/msim/xil_defaultlib".
# ** Warning: (vlib-34) Library already exists at "modelsim_lib/msim/xbip_utils_v3_0_9".
# ** Warning: (vlib-34) Library already exists at "modelsim_lib/msim/xbip_pipe_v3_0_5".
# ** Warning: (vlib-34) Library already exists at "modelsim_lib/msim/xbip_bram18k_v3_0_5".
# ** Warning: (vlib-34) Library already exists at "modelsim_lib/msim/mult_gen_v12_0_14".
# Model Technology ModelSim SE-64 vmap 10.6d Lib Mapping Utility 2018.02 Feb 24 2018
# vmap blk_mem_gen_v8_4_2 modelsim_lib/msim/blk_mem_gen_v8_4_2 
# Modifying D:\program\Xilinx\Xlib\modelsim.ini
# Model Technology ModelSim SE-64 vmap 10.6d Lib Mapping Utility 2018.02 Feb 24 2018
# vmap xil_defaultlib modelsim_lib/msim/xil_defaultlib 
# Modifying D:\program\Xilinx\Xlib\modelsim.ini
# Model Technology ModelSim SE-64 vmap 10.6d Lib Mapping Utility 2018.02 Feb 24 2018
# vmap xbip_utils_v3_0_9 modelsim_lib/msim/xbip_utils_v3_0_9 
# Modifying D:\program\Xilinx\Xlib\modelsim.ini
# Model Technology ModelSim SE-64 vmap 10.6d Lib Mapping Utility 2018.02 Feb 24 2018
# vmap xbip_pipe_v3_0_5 modelsim_lib/msim/xbip_pipe_v3_0_5 
# Modifying D:\program\Xilinx\Xlib\modelsim.ini
# Model Technology ModelSim SE-64 vmap 10.6d Lib Mapping Utility 2018.02 Feb 24 2018
# vmap xbip_bram18k_v3_0_5 modelsim_lib/msim/xbip_bram18k_v3_0_5 
# Modifying D:\program\Xilinx\Xlib\modelsim.ini
# Model Technology ModelSim SE-64 vmap 10.6d Lib Mapping Utility 2018.02 Feb 24 2018
# vmap mult_gen_v12_0_14 modelsim_lib/msim/mult_gen_v12_0_14 
# Modifying D:\program\Xilinx\Xlib\modelsim.ini
# ** Warning: (vlog-159) Mode option -64 is not supported in this context and will be ignored.
# Model Technology ModelSim SE-64 vlog 10.6d Compiler 2018.02 Feb 24 2018
# Start time: 00:41:15 on Sep 16,2020
# vlog -64 -incr -work blk_mem_gen_v8_4_2 ../../../../ip_ram.ip_user_files/ipstatic/simulation/blk_mem_gen_v8_4.v 
# -- Skipping module STATE_LOGIC_v8_4
# -- Skipping module beh_vlog_muxf7_v8_4
# -- Skipping module beh_vlog_ff_clr_v8_4
# -- Skipping module beh_vlog_ff_pre_v8_4
# -- Skipping module beh_vlog_ff_ce_clr_v8_4
# -- Skipping module write_netlist_v8_4
# -- Skipping module read_netlist_v8_4
# -- Skipping module blk_mem_axi_write_wrapper_beh_v8_4
# -- Skipping module blk_mem_axi_read_wrapper_beh_v8_4
# -- Skipping module blk_mem_axi_regs_fwd_v8_4
# -- Skipping module blk_mem_gen_v8_4_2_output_stage
# -- Skipping module blk_mem_gen_v8_4_2_softecc_output_reg_stage
# -- Skipping module blk_mem_gen_v8_4_2_mem_module
# -- Skipping module blk_mem_gen_v8_4_2
# 
# Top level modules:
# 	blk_mem_gen_v8_4_2
# End time: 00:41:15 on Sep 16,2020, Elapsed time: 0:00:00
# Errors: 0, Warnings: 1
# ** Warning: (vlog-159) Mode option -64 is not supported in this context and will be ignored.
# Model Technology ModelSim SE-64 vlog 10.6d Compiler 2018.02 Feb 24 2018
# Start time: 00:41:15 on Sep 16,2020
# vlog -64 -incr -work xil_defaultlib ../../../../ip_ram.srcs/sources_1/ip/ram_dual/sim/ram_dual.v 
# -- Skipping module ram_dual
# 
# Top level modules:
# 	ram_dual
# End time: 00:41:15 on Sep 16,2020, Elapsed time: 0:00:00
# Errors: 0, Warnings: 1
# ** Warning: (vcom-159) Mode option -64 is not supported in this context and will be ignored.
# Model Technology ModelSim SE-64 vcom 10.6d Compiler 2018.02 Feb 24 2018
# Start time: 00:41:15 on Sep 16,2020
# vcom -64 -93 -work xbip_utils_v3_0_9 ../../../../ip_ram.ip_user_files/ipstatic/hdl/xbip_utils_v3_0_vh_rfs.vhd 
# -- Loading package STANDARD
# End time: 00:41:15 on Sep 16,2020, Elapsed time: 0:00:00
# Errors: 0, Warnings: 1
# ** Warning: (vcom-159) Mode option -64 is not supported in this context and will be ignored.
# Model Technology ModelSim SE-64 vcom 10.6d Compiler 2018.02 Feb 24 2018
# Start time: 00:41:15 on Sep 16,2020
# vcom -64 -93 -work xbip_pipe_v3_0_5 ../../../../ip_ram.ip_user_files/ipstatic/hdl/xbip_pipe_v3_0_vh_rfs.vhd 
# -- Loading package STANDARD
# End time: 00:41:15 on Sep 16,2020, Elapsed time: 0:00:00
# Errors: 0, Warnings: 1
# ** Warning: (vcom-159) Mode option -64 is not supported in this context and will be ignored.
# Model Technology ModelSim SE-64 vcom 10.6d Compiler 2018.02 Feb 24 2018
# Start time: 00:41:16 on Sep 16,2020
# vcom -64 -93 -work xbip_bram18k_v3_0_5 ../../../../ip_ram.ip_user_files/ipstatic/hdl/xbip_bram18k_v3_0_vh_rfs.vhd 
# -- Loading package STANDARD
# End time: 00:41:16 on Sep 16,2020, Elapsed time: 0:00:00
# Errors: 0, Warnings: 1
# ** Warning: (vcom-159) Mode option -64 is not supported in this context and will be ignored.
# Model Technology ModelSim SE-64 vcom 10.6d Compiler 2018.02 Feb 24 2018
# Start time: 00:41:17 on Sep 16,2020
# vcom -64 -93 -work mult_gen_v12_0_14 ../../../../ip_ram.ip_user_files/ipstatic/hdl/mult_gen_v12_0_vh_rfs.vhd 
# -- Loading package STANDARD
# End time: 00:41:18 on Sep 16,2020, Elapsed time: 0:00:01
# Errors: 0, Warnings: 1
# ** Warning: (vcom-159) Mode option -64 is not supported in this context and will be ignored.
# Model Technology ModelSim SE-64 vcom 10.6d Compiler 2018.02 Feb 24 2018
# Start time: 00:41:18 on Sep 16,2020
# vcom -64 -93 -work xil_defaultlib ../../../../ip_ram.srcs/sources_1/ip/mult_signed_18bit/sim/mult_signed_18bit.vhd 
# -- Loading package STANDARD
# -- Loading package TEXTIO
# -- Loading package std_logic_1164
# -- Loading package NUMERIC_STD
# -- Compiling entity mult_signed_18bit
# -- Compiling architecture mult_signed_18bit_arch of mult_signed_18bit
# End time: 00:41:18 on Sep 16,2020, Elapsed time: 0:00:00
# Errors: 0, Warnings: 1
# ** Warning: (vlog-159) Mode option -64 is not supported in this context and will be ignored.
# Model Technology ModelSim SE-64 vlog 10.6d Compiler 2018.02 Feb 24 2018
# Start time: 00:41:18 on Sep 16,2020
# vlog -64 -incr -work xil_defaultlib ../../../../ip_ram.srcs/sources_1/new/kara_mult_34bit.v ../../../../ip_ram.srcs/sources_1/new/kara_mult_66bit.v ../../../../ip_ram.srcs/sources_1/new/kara_mult_ram_top.v ../../../../ip_ram.srcs/sources_1/new/karatsuba_top.v 
# -- Skipping module kara_mult_34bit
# -- Skipping module kara_mult_66bit
# -- Skipping module kara_mult_ram_top
# -- Skipping module karatsuba_top
# 
# Top level modules:
# 	kara_mult_ram_top
# End time: 00:41:18 on Sep 16,2020, Elapsed time: 0:00:00
# Errors: 0, Warnings: 1
# ** Warning: (vlog-159) Mode option -64 is not supported in this context and will be ignored.
# Model Technology ModelSim SE-64 vlog 10.6d Compiler 2018.02 Feb 24 2018
# Start time: 00:41:18 on Sep 16,2020
# vlog -64 -incr -sv -work xil_defaultlib ../../../../ip_ram.srcs/sources_1/new/srl_lut.sv 
# -- Skipping module srl_lut
# 
# Top level modules:
# 	srl_lut
# End time: 00:41:18 on Sep 16,2020, Elapsed time: 0:00:00
# Errors: 0, Warnings: 1
# ** Warning: (vlog-159) Mode option -64 is not supported in this context and will be ignored.
# Model Technology ModelSim SE-64 vlog 10.6d Compiler 2018.02 Feb 24 2018
# Start time: 00:41:18 on Sep 16,2020
# vlog -64 -incr -work xil_defaultlib ../../../../ip_ram.srcs/sim_1/new/tb_kara_mult_ram.v 
# -- Skipping module tb_kara_mult_ram
# 
# Top level modules:
# 	tb_kara_mult_ram
# End time: 00:41:18 on Sep 16,2020, Elapsed time: 0:00:00
# Errors: 0, Warnings: 1
# Model Technology ModelSim SE-64 vlog 10.6d Compiler 2018.02 Feb 24 2018
# Start time: 00:41:18 on Sep 16,2020
# vlog -work xil_defaultlib glbl.v 
# -- Compiling module glbl
# 
# Top level modules:
# 	glbl
# End time: 00:41:18 on Sep 16,2020, Elapsed time: 0:00:00
# Errors: 0, Warnings: 0
